1645051737417	geckodriver	INFO	Listening on 127.0.0.1:4444
1645051737435	webdriver::server	DEBUG	-> GET /status 
1645051737435	webdriver::server	DEBUG	<- 200 OK {"value":{"message":"","ready":true}}
1645051737447	webdriver::server	DEBUG	-> POST /session {"desiredCapabilities":{"browserName":"firefox","name":"Adonsou Robert"},"capabilities":{"alwaysMatch":{"browserName":"firefox"}}}
1645051737450	mozrunner::runner	INFO	Running command: "/usr/bin/firefox" "--marionette" "-foreground" "-no-remote" "-profile" "/tmp/rust_mozprofileXgGD2g"
1645051737451	geckodriver::marionette	DEBUG	Waiting 60s to connect to browser on 127.0.0.1:33901
ATTENTION: default value of option mesa_glthread overridden by environment.
ATTENTION: default value of option mesa_glthread overridden by environment.
ATTENTION: default value of option mesa_glthread overridden by environment.
ATTENTION: default value of option mesa_glthread overridden by environment.
1645051740523	Marionette	INFO	Marionette enabled
1645051740602	Marionette	TRACE	Received observer notification toplevel-window-ready
console.warn: SearchSettings: "get: No settings file exists, new profile?" (new NotFoundError("Could not open the file at /tmp/rust_mozprofileXgGD2g/search.json.mozlz4", (void 0)))
1645051744172	Marionette	TRACE	Received observer notification marionette-startup-requested
1645051744172	Marionette	TRACE	Waiting until startup recorder finished recording startup scripts...
1645051744210	Marionette	TRACE	All scripts recorded.
1645051744212	RemoteAgent	DEBUG	Setting recommended pref apz.content_response_timeout to 60000
1645051744212	RemoteAgent	DEBUG	Setting recommended pref browser.contentblocking.introCount to 99
1645051744213	RemoteAgent	DEBUG	Setting recommended pref browser.download.panel.shown to true
1645051744213	RemoteAgent	DEBUG	Setting recommended pref browser.newtabpage.enabled to false
1645051744216	RemoteAgent	DEBUG	Setting recommended pref browser.pagethumbnails.capturing_disabled to true
1645051744218	RemoteAgent	DEBUG	Setting recommended pref browser.search.update to false
1645051744219	RemoteAgent	DEBUG	Setting recommended pref browser.tabs.disableBackgroundZombification to false
1645051744220	RemoteAgent	DEBUG	Setting recommended pref browser.tabs.unloadOnLowMemory to false
1645051744221	RemoteAgent	DEBUG	Setting recommended pref browser.tabs.warnOnCloseOtherTabs to false
1645051744221	RemoteAgent	DEBUG	Setting recommended pref browser.tabs.warnOnOpen to false
1645051744222	RemoteAgent	DEBUG	Setting recommended pref browser.toolbars.bookmarks.visibility to never
1645051744223	RemoteAgent	DEBUG	Setting recommended pref browser.usedOnWindows10.introURL to 
1645051744223	RemoteAgent	DEBUG	Setting recommended pref browser.urlbar.merino.endpointURL to 
1645051744224	RemoteAgent	DEBUG	Setting recommended pref browser.urlbar.suggest.searches to false
1645051744226	RemoteAgent	DEBUG	Setting recommended pref datareporting.policy.dataSubmissionPolicyAccepted to false
1645051744226	RemoteAgent	DEBUG	Setting recommended pref dom.disable_open_during_load to false
1645051744226	RemoteAgent	DEBUG	Setting recommended pref dom.file.createInChild to true
1645051744226	RemoteAgent	DEBUG	Setting recommended pref dom.max_chrome_script_run_time to 0
1645051744226	RemoteAgent	DEBUG	Setting recommended pref dom.max_script_run_time to 0
1645051744228	RemoteAgent	DEBUG	Setting recommended pref dom.push.connection.enabled to false
1645051744228	RemoteAgent	DEBUG	Setting recommended pref dom.successive_dialog_time_limit to 0
1645051744228	RemoteAgent	DEBUG	Setting recommended pref extensions.getAddons.cache.enabled to false
1645051744228	RemoteAgent	DEBUG	Setting recommended pref extensions.getAddons.discovery.api_url to data:, 
1645051744229	RemoteAgent	DEBUG	Setting recommended pref network.http.prompt-temp-redirect to false
1645051744229	RemoteAgent	DEBUG	Setting recommended pref privacy.trackingprotection.enabled to false
1645051744229	RemoteAgent	DEBUG	Setting recommended pref security.fileuri.strict_origin_policy to false
1645051744229	RemoteAgent	DEBUG	Setting recommended pref security.notification_enable_delay to 0
1645051744229	RemoteAgent	DEBUG	Setting recommended pref signon.autofillForms to false
1645051744233	RemoteAgent	DEBUG	Setting recommended pref signon.rememberSignons to false
1645051744235	RemoteAgent	DEBUG	Setting recommended pref browser.topsites.contile.enabled to false
1645051744235	RemoteAgent	DEBUG	Setting recommended pref dom.disable_beforeunload to true
1645051744236	Marionette	INFO	Listening on port 33901
1645051744237	Marionette	DEBUG	Marionette is listening
1645051744287	Marionette	DEBUG	Accepted connection 0 from 127.0.0.1:37626
1645051744292	geckodriver::marionette	DEBUG	Connection to Marionette established on 127.0.0.1:33901.
1645051744300	Marionette	DEBUG	0 -> [0,1,"WebDriver:NewSession",{"browserName":"firefox"}]
1645051744315	Marionette	DEBUG	0 <- [1,1,null,{"sessionId":"05faad7b-2a13-46e9-a132-1cd37526a051","capabilities":{"browserName":"firefox","browserVersion":"96.0" ... ofileXgGD2g","moz:shutdownTimeout":60000,"moz:useNonSpecCompliantPointerOrigin":false,"moz:webdriverClick":true,"proxy":{}}}]
1645051744323	webdriver::server	DEBUG	<- 200 OK {"value":{"sessionId":"05faad7b-2a13-46e9-a132-1cd37526a051","capabilities":{"acceptInsecureCerts":false,"browserName":"firefox","browserVersion":"96.0","moz:accessibilityChecks":false,"moz:buildID":"20220106144528","moz:geckodriverVersion":"0.29.1","moz:headless":false,"moz:processID":15091,"moz:profile":"/tmp/rust_mozprofileXgGD2g","moz:shutdownTimeout":60000,"moz:useNonSpecCompliantPointerOrigin":false,"moz:webdriverClick":true,"pageLoadStrategy":"normal","platformName":"linux","platformVersion":"5.13.0-28-generic","proxy":{},"setWindowRect":true,"strictFileInteractability":false,"timeouts":{"implicit":0,"pageLoad":300000,"script":30000},"unhandledPromptBehavior":"dismiss and notify"}}}
1645051744345	webdriver::server	DEBUG	-> DELETE /session/05faad7b-2a13-46e9-a132-1cd37526a051 
1645051744345	Marionette	DEBUG	0 -> [0,2,"Marionette:Quit",{"flags":["eForceQuit"]}]
1645051744346	Marionette	INFO	Stopped listening on port 33901
JavaScript error: resource://activity-stream/lib/ActivityStreamPrefs.jsm, line 27: NS_ERROR_ILLEGAL_VALUE: Component returned failure code: 0x80070057 (NS_ERROR_ILLEGAL_VALUE) [nsIPrefBranch.removeObserver]
1645051744416	Marionette	TRACE	Received observer notification quit-application
1645051744416	RemoteAgent	DEBUG	Resetting recommended pref apz.content_response_timeout
1645051744416	RemoteAgent	DEBUG	Resetting recommended pref browser.contentblocking.introCount
1645051744417	RemoteAgent	DEBUG	Resetting recommended pref browser.download.panel.shown
1645051744417	RemoteAgent	DEBUG	Resetting recommended pref browser.newtabpage.enabled
1645051744419	RemoteAgent	DEBUG	Resetting recommended pref browser.pagethumbnails.capturing_disabled
1645051744420	RemoteAgent	DEBUG	Resetting recommended pref browser.search.update
1645051744420	RemoteAgent	DEBUG	Resetting recommended pref browser.tabs.disableBackgroundZombification
1645051744421	RemoteAgent	DEBUG	Resetting recommended pref browser.tabs.unloadOnLowMemory
1645051744421	RemoteAgent	DEBUG	Resetting recommended pref browser.tabs.warnOnCloseOtherTabs
1645051744422	RemoteAgent	DEBUG	Resetting recommended pref browser.tabs.warnOnOpen
1645051744423	RemoteAgent	DEBUG	Resetting recommended pref browser.toolbars.bookmarks.visibility
1645051744423	RemoteAgent	DEBUG	Resetting recommended pref browser.usedOnWindows10.introURL
1645051744424	RemoteAgent	DEBUG	Resetting recommended pref browser.urlbar.merino.endpointURL
1645051744425	RemoteAgent	DEBUG	Resetting recommended pref browser.urlbar.suggest.searches
1645051744428	RemoteAgent	DEBUG	Resetting recommended pref datareporting.policy.dataSubmissionPolicyAccepted
1645051744428	RemoteAgent	DEBUG	Resetting recommended pref dom.disable_open_during_load
1645051744428	RemoteAgent	DEBUG	Resetting recommended pref dom.file.createInChild
1645051744429	RemoteAgent	DEBUG	Resetting recommended pref dom.max_chrome_script_run_time
1645051744429	RemoteAgent	DEBUG	Resetting recommended pref dom.max_script_run_time
1645051744431	RemoteAgent	DEBUG	Resetting recommended pref dom.push.connection.enabled
1645051744432	RemoteAgent	DEBUG	Resetting recommended pref dom.successive_dialog_time_limit
1645051744432	RemoteAgent	DEBUG	Resetting recommended pref extensions.getAddons.cache.enabled
1645051744432	RemoteAgent	DEBUG	Resetting recommended pref extensions.getAddons.discovery.api_url
1645051744432	RemoteAgent	DEBUG	Resetting recommended pref network.http.prompt-temp-redirect
1645051744432	RemoteAgent	DEBUG	Resetting recommended pref privacy.trackingprotection.enabled
1645051744432	RemoteAgent	DEBUG	Resetting recommended pref security.fileuri.strict_origin_policy
1645051744433	RemoteAgent	DEBUG	Resetting recommended pref security.notification_enable_delay
1645051744433	RemoteAgent	DEBUG	Resetting recommended pref signon.autofillForms
1645051744436	RemoteAgent	DEBUG	Resetting recommended pref signon.rememberSignons
1645051744438	RemoteAgent	DEBUG	Resetting recommended pref browser.topsites.contile.enabled
1645051744439	RemoteAgent	DEBUG	Resetting recommended pref dom.disable_beforeunload
1645051744440	Marionette	TRACE	Received observer notification quit-application
1645051744441	Marionette	DEBUG	Marionette stopped listening
1645051744454	Marionette	DEBUG	0 <- [1,2,null,{"cause":"shutdown","forced":false}]
1645051744486	webdriver::server	DEBUG	Deleting session
1645051744494	Marionette	DEBUG	0 -> [0,3,"Marionette:Quit",{"flags":["eForceQuit"]}]
1645051744494	Marionette	DEBUG	0 <- [1,3,{"error":"invalid session id","message":"WebDriver session does not exist, or is not active","stacktrace":"WebDriverErro ... ote/content/marionette/server.js:253:9\n_onJSONObjectReady/<@chrome://remote/content/marionette/transport.js:500:20\n"},null]
console.error: services.settings: 
  main/query-stripping Signature failed  TypeError: NetworkError: Network request failed
console.error: Region.jsm: "Error fetching region" (new TypeError("NetworkError when attempting to fetch resource.", ""))
console.error: Region.jsm: "Failed to fetch region" (new Error("NO_RESULT", "resource://gre/modules/Region.jsm", 419))
1645051744507	Marionette	DEBUG	Closed connection 0
console.warn: TopSitesFeed: Failed to fetch data from Contile server: NetworkError when attempting to fetch resource.
JavaScript error: resource://gre/modules/JSONFile.jsm, line 138: AbortError: IOUtils.profileBeforeChange getter: IOUtils: profileBeforeChange phase has already finished
console.log: "RemoteSettingsWorker error: Error: Can't import when we've started shutting down."
JavaScript error: resource://gre/modules/JSONFile.jsm, line 186: Error: Data is not ready.
console.log: "RemoteSettingsWorker error: Error: Can't import when we've started shutting down."
console.log: "RemoteSettingsWorker error: Error: Can't import when we've started shutting down."
console.log: "RemoteSettingsWorker error: Error: Can't import when we've started shutting down."
console.error: "Could not load engine google@search.mozilla.org: [Exception... \"AddonManager is not initialized\"  nsresult: \"0xc1f30001 (NS_ERROR_NOT_INITIALIZED)\"  location: \"JS frame :: resource://gre/modules/AddonManager.jsm :: installBuiltinAddon :: line 2543\"  data: no]"
console.error: "Could not load engine amazondotcom@search.mozilla.org: [Exception... \"AddonManager is not initialized\"  nsresult: \"0xc1f30001 (NS_ERROR_NOT_INITIALIZED)\"  location: \"JS frame :: resource://gre/modules/AddonManager.jsm :: installBuiltinAddon :: line 2543\"  data: no]"
console.error: "Could not load engine wikipedia@search.mozilla.org: [Exception... \"AddonManager is not initialized\"  nsresult: \"0xc1f30001 (NS_ERROR_NOT_INITIALIZED)\"  location: \"JS frame :: resource://gre/modules/AddonManager.jsm :: installBuiltinAddon :: line 2543\"  data: no]"
console.error: "Could not load engine bing@search.mozilla.org: [Exception... \"AddonManager is not initialized\"  nsresult: \"0xc1f30001 (NS_ERROR_NOT_INITIALIZED)\"  location: \"JS frame :: resource://gre/modules/AddonManager.jsm :: installBuiltinAddon :: line 2543\"  data: no]"
console.error: "Could not load engine ddg@search.mozilla.org: [Exception... \"AddonManager is not initialized\"  nsresult: \"0xc1f30001 (NS_ERROR_NOT_INITIALIZED)\"  location: \"JS frame :: resource://gre/modules/AddonManager.jsm :: installBuiltinAddon :: line 2543\"  data: no]"
console.warn: SearchService: "_init: abandoning init due to shutting down"
JavaScript error: , line 0: AbortError: A request was aborted, for example through a call to IDBTransaction.abort.
JavaScript error: , line 0: uncaught exception: 2147500036
JavaScript error: , line 0: uncaught exception: 2147500036
JavaScript error: , line 0: uncaught exception: 2147500036
JavaScript error: , line 0: uncaught exception: 2147500036
JavaScript error: , line 0: uncaught exception: 2147500036
1645051749701	geckodriver::marionette	DEBUG	Browser process stopped: exit code: 0
1645051749711	webdriver::server	DEBUG	<- 200 OK {"value":null}
